<?xml version="1.0" encoding="UTF-8"?>
<!-- Generated by org.testng.reporters.JUnitReportReporter -->
<testsuite skipped="0" hostname="DESKTOP-Q2CF6PV" name="com.dropbox.qa.tests.ContactPageTest" tests="3" failures="0" timestamp="2021-05-23T21:52:40 IST" time="3.641" errors="0">
  <testcase name="verifyPageTitleTest" time="0.016" classname="com.dropbox.qa.tests.ContactPageTest"/>
  <testcase name="verifyheaderTitleTest" time="0.137" classname="com.dropbox.qa.tests.ContactPageTest"/>
  <testcase name="doSaveChangesTest" time="3.488" classname="com.dropbox.qa.tests.ContactPageTest"/>
</testsuite> <!-- com.dropbox.qa.tests.ContactPageTest -->
