<?xml version="1.0" encoding="UTF-8"?>
<!-- Generated by org.testng.reporters.JUnitReportReporter -->
<testsuite skipped="0" hostname="DESKTOP-Q2CF6PV" name="com.dropbox.qa.tests.LoginPageTest" tests="3" failures="0" timestamp="2021-05-23T12:25:23 IST" time="5.477" errors="0">
  <testcase name="verifyLoginPageTitleTest" time="0.040" classname="com.dropbox.qa.tests.LoginPageTest"/>
  <testcase name="verifyCreateAccountLinkTest" time="0.082" classname="com.dropbox.qa.tests.LoginPageTest"/>
  <testcase name="signInTest" time="5.355" classname="com.dropbox.qa.tests.LoginPageTest"/>
</testsuite> <!-- com.dropbox.qa.tests.LoginPageTest -->
