<?xml version="1.0" encoding="UTF-8"?>
<!-- Generated by org.testng.reporters.JUnitReportReporter -->
<testsuite skipped="0" hostname="DESKTOP-Q2CF6PV" name="com.dropbox.qa.tests.HomePageTest" tests="4" failures="0" timestamp="2021-05-23T12:32:36 IST" time="0.238" errors="0">
  <testcase name="verifyHomePageTitleTest" time="0.018" classname="com.dropbox.qa.tests.HomePageTest"/>
  <testcase name="verifytitleTest" time="0.056" classname="com.dropbox.qa.tests.HomePageTest"/>
  <testcase name="verifyClickLinkTest" time="0.078" classname="com.dropbox.qa.tests.HomePageTest"/>
  <testcase name="checkClickLink" time="0.086" classname="com.dropbox.qa.tests.HomePageTest"/>
</testsuite> <!-- com.dropbox.qa.tests.HomePageTest -->
