<?xml version="1.0" encoding="UTF-8"?>
<!-- Generated by org.testng.reporters.JUnitReportReporter -->
<testsuite skipped="0" hostname="DESKTOP-Q2CF6PV" name="com.dropbox.qa.tests.LoginPageTest" tests="3" failures="0" timestamp="2021-06-01T19:53:37 IST" time="5.687" errors="0">
  <testcase name="verifyLoginPageTitleTest" time="0.098" classname="com.dropbox.qa.tests.LoginPageTest"/>
  <testcase name="verifyCreateAccountLinkTest" time="0.071" classname="com.dropbox.qa.tests.LoginPageTest"/>
  <testcase name="signInTest" time="5.518" classname="com.dropbox.qa.tests.LoginPageTest"/>
</testsuite> <!-- com.dropbox.qa.tests.LoginPageTest -->
