<?xml version="1.0" encoding="UTF-8"?>
<!-- Generated by org.testng.reporters.JUnitReportReporter -->
<testsuite skipped="0" hostname="DESKTOP-Q2CF6PV" name="com.dropbox.qa.tests.LoginPageTest" tests="3" failures="0" timestamp="01 Jun 2021 15:58:45 GMT" time="19.288" errors="0">
  <testcase name="verifyLoginPageTitleTest" time="0.105" classname="com.dropbox.qa.tests.LoginPageTest"/>
  <testcase name="verifyCreateAccountLinkTest" time="0.081" classname="com.dropbox.qa.tests.LoginPageTest"/>
  <testcase name="signInTest" time="19.102" classname="com.dropbox.qa.tests.LoginPageTest"/>
</testsuite> <!-- com.dropbox.qa.tests.LoginPageTest -->
